<?xml version="1.0" encoding="UTF-8"?>
<testng-results skipped="0" failed="0" total="3" passed="3">
  <reporter-output>
  </reporter-output>
  <suite name="Default suite" duration-ms="103" started-at="2015-03-09T01:08:11Z" finished-at="2015-03-09T01:08:11Z">
    <groups>
    </groups>
    <test name="Default test" duration-ms="103" started-at="2015-03-09T01:08:11Z" finished-at="2015-03-09T01:08:11Z">
      <class name="TestMe">
        <test-method status="PASS" signature="eigenTrustRefactorSanity()[pri:0, instance:TestMe@71e7a66b]" name="eigenTrustRefactorSanity" duration-ms="87" started-at="2015-03-08T21:08:11Z" finished-at="2015-03-08T21:08:11Z">
          <reporter-output>
          </reporter-output>
        </test-method> <!-- eigenTrustRefactorSanity -->
        <test-method status="PASS" signature="eigenvectorSanityTest_Lian_UCSB()[pri:0, instance:TestMe@71e7a66b]" name="eigenvectorSanityTest_Lian_UCSB" duration-ms="1" started-at="2015-03-08T21:08:11Z" finished-at="2015-03-08T21:08:11Z">
          <reporter-output>
          </reporter-output>
        </test-method> <!-- eigenvectorSanityTest_Lian_UCSB -->
        <test-method status="PASS" signature="markovChainSanityTestFromWikipedia()[pri:0, instance:TestMe@71e7a66b]" name="markovChainSanityTestFromWikipedia" duration-ms="0" started-at="2015-03-08T21:08:11Z" finished-at="2015-03-08T21:08:11Z">
          <reporter-output>
          </reporter-output>
        </test-method> <!-- markovChainSanityTestFromWikipedia -->
      </class> <!-- TestMe -->
    </test> <!-- Default test -->
  </suite> <!-- Default suite -->
</testng-results>
